Unclassified	Candidatus_Scalindua;	0.019454
Candidatus_Portiera;	Synechococcus;	0.019949
ZA3312c;	III;	0.015397
Alteromonas;	Paulinella;	0.000805
Candidatus_Portiera;	Octadecabacter;	0.002416
Unclassified	HTCC;	0.019257
Candidatus_Portiera;	Flavobacterium;	0.226256
SGSH944;	Prochlorococcus;	0.000239
Flavobacterium;	Nitrosopumilus;	0.061539
Synechococcus;	Nitrospina;	0.098915
Candidatus_Portiera;	Prochlorococcus;	0.068811
Synechococcus;	III;	0.039901
ZA3312c;	Nitrospina;	0.075284
III;	Nitrospina;	0.252138
Synechococcus;	Octadecabacter;	0.011292
Nitrosopumilus;	Nitrospina;	0.360193
HTCC2207;	Candidatus_Scalindua;	0.003335
MB11C04;	Nitrospina;	0.022830
SGSH944;	Nitrospina;	0.000045
Candidatus_Portiera;	HTCC2207;	0.004235
Unclassified	III;	0.000292
Synechococcus;	HTCC;	0.000629
Octadecabacter;	Arctic95A-2;	0.012485
Arctic95A-2;	III;	0.283672
Microbacterium;	Candidatus_Scalindua;	0.001976
Synechococcus;	ZA3312c;	0.017095
HTCC2207;	II;	0.036878
Candidatus_Portiera;	Arctic95A-2;	0.260710
SGSH944;	Candidatus_Scalindua;	0.001472
Nitrosopumilus;	Candidatus_Scalindua;	0.001590
Arctic95A-2;	Candidatus_Scalindua;	0.008111
HTCC2207;	Nitrosopumilus;	0.007429
Synechococcus;	II;	0.009375
HTCC2207;	HTCC;	0.003888
SargSea-WGS;	Paulinella;	0.021478
Coraliomargarita;	Alteromonas;	0.002643
ZA3312c;	Arctic95A-2;	0.037480
Paulinella;	Candidatus_Scalindua;	0.014384
Nitrospina;	Candidatus_Scalindua;	0.091909
SargSea-WGS;	Nitrosopumilus;	0.168537
Flavobacterium;	Arctic95A-2;	0.096484
Synechococcus;	Alteromonas;	0.015492
Synechococcus;	Coraliomargarita;	0.001341
SargSea-WGS;	Prochlorococcus;	0.107891
Unclassified	II;	0.000264
ZA3312c;	Nitrosopumilus;	0.072194
Prochlorococcus;	Microbacterium;	0.003056
II;	Candidatus_Scalindua;	0.046986
HTCC2207;	Coraliomargarita;	0.000111
HTCC2207;	Prochlorococcus;	0.010488
Nitrosopumilus;	Octadecabacter;	0.004883
Paulinella;	Octadecabacter;	0.007632
HTCC2207;	SargSea-WGS;	0.049775
Unclassified	Alteromonas;	0.011474
Paulinella;	II;	0.008133
Candidatus_Portiera;	Coraliomargarita;	0.081414
Alteromonas;	III;	0.014437
Arctic95A-2;	Microbacterium;	0.035916
Candidatus_Portiera;	Nitrospina;	0.285271
Coraliomargarita;	Prochlorococcus;	0.001088
HTCC;	II;	0.016774
MB11C04;	Arctic95A-2;	0.016950
HTCC;	Octadecabacter;	0.004205
SGSH944;	HTCC;	0.005399
Unclassified	MB11C04;	0.004602
Coraliomargarita;	II;	0.035213
Candidatus_Portiera;	Candidatus_Scalindua;	0.086007
Coraliomargarita;	Flavobacterium;	0.129406
Candidatus_Portiera;	III;	0.261464
Unclassified	Flavobacterium;	0.057749
SargSea-WGS;	Arctic95A-2;	0.352202
HTCC2207;	SGSH944;	0.061085
Alteromonas;	Nitrosopumilus;	0.055781
Coraliomargarita;	Octadecabacter;	0.000199
Candidatus_Portiera;	Nitrosopumilus;	0.165139
Arctic95A-2;	II;	0.003507
Synechococcus;	Candidatus_Scalindua;	0.023014
SargSea-WGS;	II;	0.027234
SargSea-WGS;	Microbacterium;	0.009507
Nitrospina;	Microbacterium;	0.021596
SargSea-WGS;	HTCC;	0.011267
Coraliomargarita;	HTCC;	0.011061
Coraliomargarita;	SargSea-WGS;	0.026502
Synechococcus;	Nitrosopumilus;	0.078823
Coraliomargarita;	Candidatus_Scalindua;	0.000894
III;	II;	0.051315
Synechococcus;	SGSH944;	0.010893
Coraliomargarita;	MB11C04;	0.182627
HTCC;	Paulinella;	0.030582
Synechococcus;	Flavobacterium;	0.000200
SGSH944;	Alteromonas;	0.000020
Prochlorococcus;	Octadecabacter;	0.017927
Synechococcus;	SargSea-WGS;	0.068064
HTCC;	Nitrospina;	0.003502
Flavobacterium;	Prochlorococcus;	0.002562
Nitrosopumilus;	II;	0.001204
Coraliomargarita;	Nitrospina;	0.013215
Nitrosopumilus;	III;	0.126188
Coraliomargarita;	Paulinella;	0.003879
Octadecabacter;	Microbacterium;	0.001029
Unclassified	SargSea-WGS;	0.014331
Candidatus_Portiera;	SGSH944;	0.014815
Alteromonas;	HTCC;	0.000159
Prochlorococcus;	Paulinella;	0.046864
Octadecabacter;	III;	0.028019
ZA3312c;	MB11C04;	0.005366
Unclassified	Octadecabacter;	0.027442
Paulinella;	Nitrospina;	0.047405
MB11C04;	Octadecabacter;	0.014885
SGSH944;	III;	0.037967
Unclassified	ZA3312c;	0.001394
Candidatus_Portiera;	MB11C04;	0.134664
SGSH944;	II;	0.195615
Unclassified	Coraliomargarita;	0.014488
HTCC;	Candidatus_Scalindua;	0.004200
III;	Candidatus_Scalindua;	0.055400
HTCC2207;	III;	0.031437
Octadecabacter;	Nitrospina;	0.007600
SargSea-WGS;	MB11C04;	0.030794
HTCC;	Microbacterium;	0.000438
Candidatus_Portiera;	Alteromonas;	0.051160
Flavobacterium;	Microbacterium;	0.010102
Nitrosopumilus;	Arctic95A-2;	0.418049
Nitrosopumilus;	Microbacterium;	0.088011
SargSea-WGS;	Octadecabacter;	0.037144
Alteromonas;	Nitrospina;	0.044862
Coraliomargarita;	III;	0.027885
Flavobacterium;	HTCC;	0.003957
Flavobacterium;	Candidatus_Scalindua;	0.027422
ZA3312c;	Alteromonas;	0.016644
Unclassified	HTCC2207;	0.020915
Alteromonas;	Candidatus_Scalindua;	0.007426
Flavobacterium;	Alteromonas;	0.020869
SGSH944;	Microbacterium;	0.003901
Coraliomargarita;	Nitrosopumilus;	0.008589
Coraliomargarita;	ZA3312c;	0.004352
SGSH944;	SargSea-WGS;	0.053423
Candidatus_Portiera;	Unclassified	0.000011
SGSH944;	Octadecabacter;	0.046894
HTCC2207;	Arctic95A-2;	0.018096
Candidatus_Portiera;	HTCC;	0.023576
HTCC2207;	Paulinella;	0.007843
HTCC2207;	Microbacterium;	0.001728
Nitrosopumilus;	HTCC;	0.000003
Synechococcus;	Prochlorococcus;	0.016489
MB11C04;	Alteromonas;	0.008696
MB11C04;	Nitrosopumilus;	0.007779
II;	Nitrospina;	0.002942
Unclassified	Nitrosopumilus;	0.012780
Prochlorococcus;	Nitrospina;	0.144720
MB11C04;	HTCC;	0.000213
ZA3312c;	Microbacterium;	0.010403
Flavobacterium;	ZA3312c;	0.038345
HTCC;	III;	0.018668
Candidatus_Portiera;	ZA3312c;	0.094161
Prochlorococcus;	Nitrosopumilus;	0.088748
MB11C04;	II;	0.016680
ZA3312c;	HTCC;	0.001350
Octadecabacter;	II;	0.013699
MB11C04;	Prochlorococcus;	0.012171
SargSea-WGS;	Alteromonas;	0.016050
Unclassified	Paulinella;	0.019384
MB11C04;	Candidatus_Scalindua;	0.025334
III;	Microbacterium;	0.010197
Paulinella;	Arctic95A-2;	0.002391
Prochlorococcus;	Alteromonas;	0.017619
Coraliomargarita;	Arctic95A-2;	0.017393
II;	Microbacterium;	0.000027
ZA3312c;	Candidatus_Scalindua;	0.054017
Candidatus_Portiera;	SargSea-WGS;	0.312798
SargSea-WGS;	Nitrospina;	0.416250
Unclassified	SGSH944;	0.004994
Flavobacterium;	Octadecabacter;	0.065585
HTCC;	Arctic95A-2;	0.011179
ZA3312c;	Prochlorococcus;	0.013625
HTCC2207;	Flavobacterium;	0.057523
ZA3312c;	SargSea-WGS;	0.013537
Prochlorococcus;	Arctic95A-2;	0.088503
SGSH944;	Flavobacterium;	0.019314
Synechococcus;	Arctic95A-2;	0.073523
Flavobacterium;	SargSea-WGS;	0.145627
Flavobacterium;	MB11C04;	0.025668
Synechococcus;	Paulinella;	0.025285
Alteromonas;	Microbacterium;	0.001002
ZA3312c;	Paulinella;	0.048162
Candidatus_Portiera;	Microbacterium;	0.023314
SGSH944;	Nitrosopumilus;	0.000167
Unclassified	Microbacterium;	0.028407
Flavobacterium;	III;	0.126752
Unclassified	Arctic95A-2;	0.000013
Prochlorococcus;	HTCC;	0.023340
SGSH944;	Paulinella;	0.000056
Prochlorococcus;	III;	0.047064
HTCC2207;	MB11C04;	0.010401
Paulinella;	III;	0.000091
Candidatus_Portiera;	II;	0.016189
Flavobacterium;	Paulinella;	0.000169
HTCC2207;	Octadecabacter;	0.351814
Synechococcus;	Microbacterium;	0.008381
ZA3312c;	II;	0.033053
Coraliomargarita;	SGSH944;	0.021819
Prochlorococcus;	II;	0.000003
Arctic95A-2;	Nitrospina;	0.436867
HTCC2207;	Nitrospina;	0.010205
SargSea-WGS;	Candidatus_Scalindua;	0.126832
Synechococcus;	MB11C04;	0.021232
Flavobacterium;	Nitrospina;	0.096466
ZA3312c;	Octadecabacter;	0.019122
Coraliomargarita;	Microbacterium;	0.002151
Prochlorococcus;	Candidatus_Scalindua;	0.034140
MB11C04;	Microbacterium;	0.002479
Alteromonas;	II;	0.004273
SGSH944;	ZA3312c;	0.012839
Unclassified	Synechococcus;	0.045107
Flavobacterium;	II;	0.030461
Candidatus_Portiera;	Paulinella;	0.000769
Unclassified	Nitrospina;	0.007507
Octadecabacter;	Candidatus_Scalindua;	0.001933
Unclassified	Prochlorococcus;	0.377456
Synechococcus;	HTCC2207;	0.014726
SGSH944;	MB11C04;	0.005627
Alteromonas;	Octadecabacter;	0.002297
Alteromonas;	Arctic95A-2;	0.051367
SargSea-WGS;	III;	0.373718
SGSH944;	Arctic95A-2;	0.026767
Paulinella;	Microbacterium;	0.002722
Nitrosopumilus;	Paulinella;	0.041103
HTCC2207;	ZA3312c;	0.022139
MB11C04;	III;	0.036228
HTCC2207;	Alteromonas;	0.004071
