Rothia;	Fusobacterium;	-0.450906
Rothia;	Streptococcus;	0.20818
Rothia;	Leptotrichia;	-0.655135
Rothia;	Lautropia;	0.285113
Rothia;	Unclassified	-0.623342
Rothia;	Porphyromonas;	-0.418644
Rothia;	Kingella;	0.265706
Rothia;	Tannerella;	-0.520358
Rothia;	Actinomyces;	0.260623
Rothia;	Campylobacter;	-0.485237
Rothia;	Neisseria;	-0.238259
Rothia;	Aggregatibacter;	-0.423557
Rothia;	Prevotella;	-0.572764
Rothia;	Selenomonas;	-0.601127
Rothia;	Catonella;	-0.527754
Rothia;	Veillonella;	-0.170691
Fusobacterium;	Streptococcus;	-0.467256
Fusobacterium;	Leptotrichia;	0.497839
Fusobacterium;	Lautropia;	-0.209876
Fusobacterium;	Unclassified	0.447897
Fusobacterium;	Porphyromonas;	0.625293
Fusobacterium;	Cardiobacterium;	0.206393
Fusobacterium;	Haemophilus;	-0.369265
Fusobacterium;	Kingella;	-0.410544
Fusobacterium;	Corynebacterium;	0.505263
Fusobacterium;	Tannerella;	0.590983
Fusobacterium;	Actinomyces;	-0.388678
Fusobacterium;	Campylobacter;	0.201129
Fusobacterium;	Aggregatibacter;	0.339794
Fusobacterium;	Capnocytophaga;	0.246715
Fusobacterium;	Granulicatella;	-0.324605
Fusobacterium;	Prevotella;	0.496252
Fusobacterium;	Selenomonas;	0.63689
Fusobacterium;	Eikenella;	0.410321
Fusobacterium;	Catonella;	0.502707
Fusobacterium;	Gemella;	0.343482
Fusobacterium;	Veillonella;	-0.216843
Streptococcus;	Leptotrichia;	-0.568742
Streptococcus;	Lautropia;	0.353954
Streptococcus;	Unclassified	-0.608861
Streptococcus;	Porphyromonas;	-0.313833
Streptococcus;	Haemophilus;	0.27962
Streptococcus;	Tannerella;	-0.547559
Streptococcus;	Actinomyces;	0.308641
Streptococcus;	Campylobacter;	-0.346468
Streptococcus;	Neisseria;	-0.196972
Streptococcus;	Aggregatibacter;	-0.546489
Streptococcus;	Capnocytophaga;	-0.338266
Streptococcus;	Granulicatella;	0.569088
Streptococcus;	Prevotella;	-0.562668
Streptococcus;	Selenomonas;	-0.618325
Streptococcus;	Eikenella;	-0.31127
Streptococcus;	Catonella;	-0.401284
Streptococcus;	Gemella;	0.108207
Streptococcus;	Veillonella;	0.571017
Leptotrichia;	Lautropia;	-0.518537
Leptotrichia;	Unclassified	0.732992
Leptotrichia;	Porphyromonas;	0.466751
Leptotrichia;	Cardiobacterium;	-0.178767
Leptotrichia;	Haemophilus;	-0.455267
Leptotrichia;	Kingella;	-0.501564
Leptotrichia;	Corynebacterium;	-0.105017
Leptotrichia;	Tannerella;	0.714778
Leptotrichia;	Actinomyces;	-0.580474
Leptotrichia;	Campylobacter;	0.629099
Leptotrichia;	Neisseria;	0.1159
Leptotrichia;	Aggregatibacter;	0.4956
Leptotrichia;	Capnocytophaga;	-0.204706
Leptotrichia;	Granulicatella;	-0.285231
Leptotrichia;	Prevotella;	0.776649
Leptotrichia;	Selenomonas;	0.753909
Leptotrichia;	Catonella;	0.752064
Leptotrichia;	Veillonella;	-0.22834
Lautropia;	Unclassified	-0.300984
Lautropia;	Cardiobacterium;	0.245885
Lautropia;	Haemophilus;	0.195104
Lautropia;	Corynebacterium;	0.186105
Lautropia;	Tannerella;	-0.382479
Lautropia;	Actinomyces;	0.280524
Lautropia;	Campylobacter;	-0.377546
Lautropia;	Neisseria;	-0.164944
Lautropia;	Prevotella;	-0.527033
Lautropia;	Selenomonas;	-0.499415
Lautropia;	Eikenella;	-0.231534
Lautropia;	Catonella;	-0.483896
Lautropia;	Veillonella;	-0.207112
Unclassified	Porphyromonas;	0.328303
Unclassified	Haemophilus;	-0.460311
Unclassified	Kingella;	-0.281514
Unclassified	Tannerella;	0.576969
Unclassified	Actinomyces;	-0.674105
Unclassified	Campylobacter;	0.319946
Unclassified	Neisseria;	0.370939
Unclassified	Aggregatibacter;	0.567031
Unclassified	Capnocytophaga;	0.170121
Unclassified	Granulicatella;	-0.371895
Unclassified	Prevotella;	0.681187
Unclassified	Selenomonas;	0.650136
Unclassified	Eikenella;	0.272135
Unclassified	Catonella;	0.542184
Unclassified	Veillonella;	-0.329647
Porphyromonas;	Haemophilus;	-0.376706
Porphyromonas;	Kingella;	-0.327431
Porphyromonas;	Corynebacterium;	0.493567
Porphyromonas;	Tannerella;	0.648022
Porphyromonas;	Actinomyces;	-0.42374
Porphyromonas;	Neisseria;	0.147698
Porphyromonas;	Aggregatibacter;	0.611999
Porphyromonas;	Granulicatella;	-0.273781
Porphyromonas;	Prevotella;	0.423322
Porphyromonas;	Selenomonas;	0.367444
Porphyromonas;	Eikenella;	0.194926
Porphyromonas;	Catonella;	0.429737
Porphyromonas;	Gemella;	0.152571
Porphyromonas;	Veillonella;	-0.283539
Cardiobacterium;	Haemophilus;	0.189527
Cardiobacterium;	Corynebacterium;	0.470695
Cardiobacterium;	Tannerella;	-0.239502
Cardiobacterium;	Campylobacter;	0.303579
Cardiobacterium;	Capnocytophaga;	0.429701
Cardiobacterium;	Granulicatella;	-0.253874
Cardiobacterium;	Prevotella;	-0.201794
Cardiobacterium;	Eikenella;	0.3796
Cardiobacterium;	Catonella;	-0.24728
Cardiobacterium;	Veillonella;	0.206772
Haemophilus;	Kingella;	0.357325
Haemophilus;	Corynebacterium;	-0.36039
Haemophilus;	Tannerella;	-0.426848
Haemophilus;	Actinomyces;	0.625099
Haemophilus;	Aggregatibacter;	-0.26198
Haemophilus;	Prevotella;	-0.440725
Haemophilus;	Selenomonas;	-0.322159
Haemophilus;	Eikenella;	-0.230598
Haemophilus;	Catonella;	-0.383314
Haemophilus;	Gemella;	-0.179221
Haemophilus;	Veillonella;	0.451992
Kingella;	Corynebacterium;	-0.296054
Kingella;	Tannerella;	-0.397655
Kingella;	Actinomyces;	0.46306
Kingella;	Campylobacter;	-0.298005
Kingella;	Neisseria;	0.272854
Kingella;	Aggregatibacter;	-0.293275
Kingella;	Capnocytophaga;	0.422412
Kingella;	Prevotella;	-0.399637
Kingella;	Selenomonas;	-0.448442
Kingella;	Eikenella;	0.139183
Kingella;	Catonella;	-0.544267
Kingella;	Gemella;	-0.325433
Corynebacterium;	Tannerella;	0.155154
Corynebacterium;	Actinomyces;	-0.136196
Corynebacterium;	Campylobacter;	-0.1051
Corynebacterium;	Aggregatibacter;	0.192395
Corynebacterium;	Capnocytophaga;	0.23269
Corynebacterium;	Eikenella;	0.300811
Corynebacterium;	Gemella;	0.269193
Tannerella;	Actinomyces;	-0.501788
Tannerella;	Campylobacter;	0.295822
Tannerella;	Granulicatella;	-0.371352
Tannerella;	Prevotella;	0.906476
Tannerella;	Selenomonas;	0.811084
Tannerella;	Catonella;	0.862068
Tannerella;	Gemella;	0.198219
Tannerella;	Veillonella;	-0.276731
Actinomyces;	Campylobacter;	-0.217116
Actinomyces;	Neisseria;	-0.458373
Actinomyces;	Aggregatibacter;	-0.47022
Actinomyces;	Prevotella;	-0.565684
Actinomyces;	Selenomonas;	-0.442075
Actinomyces;	Eikenella;	-0.350223
Actinomyces;	Catonella;	-0.530517
Actinomyces;	Gemella;	0.135294
Actinomyces;	Veillonella;	0.123153
Campylobacter;	Granulicatella;	-0.168174
Campylobacter;	Prevotella;	0.497584
Campylobacter;	Selenomonas;	0.566781
Campylobacter;	Catonella;	0.451395
Campylobacter;	Gemella;	-0.217544
Campylobacter;	Veillonella;	0.208571
Neisseria;	Aggregatibacter;	0.363105
Neisseria;	Capnocytophaga;	0.338604
Neisseria;	Granulicatella;	0.255008
Neisseria;	Eikenella;	0.304485
Neisseria;	Gemella;	-0.396044
Aggregatibacter;	Granulicatella;	-0.230074
Aggregatibacter;	Prevotella;	0.532803
Aggregatibacter;	Eikenella;	0.1192
Aggregatibacter;	Catonella;	0.488176
Aggregatibacter;	Veillonella;	-0.355314
Capnocytophaga;	Eikenella;	0.598017
Capnocytophaga;	Catonella;	-0.254162
Capnocytophaga;	Veillonella;	-0.100393
Granulicatella;	Prevotella;	-0.363269
Granulicatella;	Selenomonas;	-0.342017
Granulicatella;	Eikenella;	-0.11641
Granulicatella;	Catonella;	-0.312613
Granulicatella;	Gemella;	0.209669
Granulicatella;	Veillonella;	0.42005
Prevotella;	Selenomonas;	0.903165
Prevotella;	Catonella;	0.911007
Prevotella;	Veillonella;	-0.130263
Selenomonas;	Eikenella;	0.143441
Selenomonas;	Catonella;	0.817236
Catonella;	Veillonella;	-0.120419
Gemella;	Veillonella;	-0.141246
